{"/Users/yanghao/Work/gitee/catpawai_test/src/app/page.tsx": {"path":"/Users/yanghao/Work/gitee/catpawai_test/src/app/page.tsx","statementMap":{"0":{"start":{"line":6,"column":2},"end":{"line":23,"column":null}}},"fnMap":{"0":{"name":"Home","decl":{"start":{"line":5,"column":24},"end":{"line":5,"column":31}},"loc":{"start":{"line":5,"column":31},"end":{"line":25,"column":null}},"line":5}},"branchMap":{},"s":{"0":6},"f":{"0":6},"b":{},"meta":{"lastBranch":0,"lastFunction":1,"lastStatement":1,"seen":{"f:5:24:5:31":0,"s:6:2:23:Infinity":0}}}
,"/Users/yanghao/Work/gitee/catpawai_test/src/lib/utils.ts": {"path":"/Users/yanghao/Work/gitee/catpawai_test/src/lib/utils.ts","statementMap":{"0":{"start":{"line":6,"column":2},"end":{"line":6,"column":null}},"1":{"start":{"line":13,"column":2},"end":{"line":20,"column":null}},"2":{"start":{"line":32,"column":2},"end":{"line":35,"column":null}},"3":{"start":{"line":33,"column":4},"end":{"line":33,"column":null}},"4":{"start":{"line":34,"column":4},"end":{"line":34,"column":null}},"5":{"start":{"line":34,"column":33},"end":{"line":34,"column":57}}},"fnMap":{"0":{"name":"cn","decl":{"start":{"line":5,"column":16},"end":{"line":5,"column":22}},"loc":{"start":{"line":5,"column":80},"end":{"line":7,"column":null}},"line":5},"1":{"name":"formatDate","decl":{"start":{"line":12,"column":16},"end":{"line":12,"column":27}},"loc":{"start":{"line":12,"column":47},"end":{"line":21,"column":null}},"line":12},"2":{"name":"debounce","decl":{"start":{"line":26,"column":16},"end":{"line":26,"column":null}},"loc":{"start":{"line":29,"column":36},"end":{"line":36,"column":null}},"line":29},"3":{"name":"(anonymous_3)","decl":{"start":{"line":32,"column":9},"end":{"line":32,"column":33}},"loc":{"start":{"line":32,"column":54},"end":{"line":35,"column":null}},"line":32},"4":{"name":"(anonymous_4)","decl":{"start":{"line":34,"column":27},"end":{"line":34,"column":33}},"loc":{"start":{"line":34,"column":33},"end":{"line":34,"column":57}},"line":34}},"branchMap":{},"s":{"0":5,"1":2,"2":4,"3":5,"4":5,"5":4},"f":{"0":5,"1":2,"2":4,"3":5,"4":4},"b":{},"meta":{"lastBranch":0,"lastFunction":5,"lastStatement":6,"seen":{"f:5:16:5:22":0,"s:6:2:6:Infinity":0,"f:12:16:12:27":1,"s:13:2:20:Infinity":1,"f:26:16:26:Infinity":2,"s:32:2:35:Infinity":2,"f:32:9:32:33":3,"s:33:4:33:Infinity":3,"s:34:4:34:Infinity":4,"f:34:27:34:33":4,"s:34:33:34:57":5}}}
}
