{"/Users/yanghao/Work/gitee/catpawai_test/src/app/page.tsx": {"path":"/Users/yanghao/Work/gitee/catpawai_test/src/app/page.tsx","statementMap":{"0":{"start":{"line":7,"column":2},"end":{"line":21,"column":null}}},"fnMap":{"0":{"name":"Home","decl":{"start":{"line":6,"column":24},"end":{"line":6,"column":31}},"loc":{"start":{"line":6,"column":31},"end":{"line":23,"column":null}},"line":6}},"branchMap":{},"s":{"0":5},"f":{"0":5},"b":{},"meta":{"lastBranch":0,"lastFunction":1,"lastStatement":1,"seen":{"f:6:24:6:31":0,"s:7:2:21:Infinity":0}}}
,"/Users/yanghao/Work/gitee/catpawai_test/src/components/json-formatter/json-formatter.tsx": {"path":"/Users/yanghao/Work/gitee/catpawai_test/src/components/json-formatter/json-formatter.tsx","statementMap":{"0":{"start":{"line":12,"column":24},"end":{"line":12,"column":null}},"1":{"start":{"line":13,"column":26},"end":{"line":13,"column":null}},"2":{"start":{"line":14,"column":24},"end":{"line":14,"column":null}},"3":{"start":{"line":15,"column":32},"end":{"line":15,"column":null}},"4":{"start":{"line":16,"column":26},"end":{"line":16,"column":null}},"5":{"start":{"line":18,"column":8},"end":{"line":39,"column":null}},"6":{"start":{"line":19,"column":4},"end":{"line":23,"column":null}},"7":{"start":{"line":20,"column":6},"end":{"line":20,"column":null}},"8":{"start":{"line":21,"column":6},"end":{"line":21,"column":null}},"9":{"start":{"line":22,"column":6},"end":{"line":22,"column":null}},"10":{"start":{"line":25,"column":4},"end":{"line":25,"column":null}},"11":{"start":{"line":26,"column":4},"end":{"line":26,"column":null}},"12":{"start":{"line":28,"column":4},"end":{"line":38,"column":null}},"13":{"start":{"line":30,"column":6},"end":{"line":30,"column":null}},"14":{"start":{"line":30,"column":35},"end":{"line":30,"column":59}},"15":{"start":{"line":31,"column":12},"end":{"line":31,"column":null}},"16":{"start":{"line":32,"column":6},"end":{"line":32,"column":null}},"17":{"start":{"line":34,"column":6},"end":{"line":34,"column":null}},"18":{"start":{"line":35,"column":6},"end":{"line":35,"column":null}},"19":{"start":{"line":37,"column":6},"end":{"line":37,"column":null}},"20":{"start":{"line":41,"column":8},"end":{"line":61,"column":null}},"21":{"start":{"line":42,"column":4},"end":{"line":46,"column":null}},"22":{"start":{"line":43,"column":6},"end":{"line":43,"column":null}},"23":{"start":{"line":44,"column":6},"end":{"line":44,"column":null}},"24":{"start":{"line":45,"column":6},"end":{"line":45,"column":null}},"25":{"start":{"line":48,"column":4},"end":{"line":48,"column":null}},"26":{"start":{"line":49,"column":4},"end":{"line":49,"column":null}},"27":{"start":{"line":51,"column":4},"end":{"line":60,"column":null}},"28":{"start":{"line":52,"column":6},"end":{"line":52,"column":null}},"29":{"start":{"line":52,"column":35},"end":{"line":52,"column":59}},"30":{"start":{"line":53,"column":21},"end":{"line":53,"column":null}},"31":{"start":{"line":54,"column":6},"end":{"line":54,"column":null}},"32":{"start":{"line":56,"column":6},"end":{"line":56,"column":null}},"33":{"start":{"line":57,"column":6},"end":{"line":57,"column":null}},"34":{"start":{"line":59,"column":6},"end":{"line":59,"column":null}},"35":{"start":{"line":63,"column":8},"end":{"line":68,"column":null}},"36":{"start":{"line":64,"column":4},"end":{"line":64,"column":null}},"37":{"start":{"line":65,"column":4},"end":{"line":65,"column":null}},"38":{"start":{"line":66,"column":4},"end":{"line":66,"column":null}},"39":{"start":{"line":67,"column":4},"end":{"line":67,"column":null}},"40":{"start":{"line":70,"column":8},"end":{"line":80,"column":null}},"41":{"start":{"line":71,"column":4},"end":{"line":71,"column":null}},"42":{"start":{"line":71,"column":17},"end":{"line":71,"column":null}},"43":{"start":{"line":73,"column":4},"end":{"line":79,"column":null}},"44":{"start":{"line":74,"column":6},"end":{"line":74,"column":null}},"45":{"start":{"line":75,"column":6},"end":{"line":75,"column":null}},"46":{"start":{"line":76,"column":6},"end":{"line":76,"column":null}},"47":{"start":{"line":76,"column":23},"end":{"line":76,"column":41}},"48":{"start":{"line":78,"column":6},"end":{"line":78,"column":null}},"49":{"start":{"line":82,"column":8},"end":{"line":96,"column":null}},"50":{"start":{"line":83,"column":4},"end":{"line":86,"column":null}},"51":{"start":{"line":84,"column":6},"end":{"line":84,"column":null}},"52":{"start":{"line":85,"column":6},"end":{"line":85,"column":null}},"53":{"start":{"line":88,"column":10},"end":{"line":88,"column":null}},"54":{"start":{"line":89,"column":4},"end":{"line":95,"column":null}},"55":{"start":{"line":90,"column":6},"end":{"line":90,"column":null}},"56":{"start":{"line":91,"column":6},"end":{"line":91,"column":null}},"57":{"start":{"line":93,"column":6},"end":{"line":93,"column":null}},"58":{"start":{"line":94,"column":6},"end":{"line":94,"column":null}},"59":{"start":{"line":98,"column":8},"end":{"line":112,"column":null}},"60":{"start":{"line":99,"column":20},"end":{"line":99,"column":null}},"61":{"start":{"line":111,"column":4},"end":{"line":111,"column":null}},"62":{"start":{"line":114,"column":2},"end":{"line":247,"column":null}},"63":{"start":{"line":140,"column":31},"end":{"line":140,"column":null}}},"fnMap":{"0":{"name":"JsonFormatter","decl":{"start":{"line":11,"column":24},"end":{"line":11,"column":40}},"loc":{"start":{"line":11,"column":40},"end":{"line":249,"column":null}},"line":11},"1":{"name":"(anonymous_1)","decl":{"start":{"line":18,"column":33},"end":{"line":18,"column":45}},"loc":{"start":{"line":18,"column":45},"end":{"line":39,"column":5}},"line":18},"2":{"name":"(anonymous_2)","decl":{"start":{"line":30,"column":24},"end":{"line":30,"column":35}},"loc":{"start":{"line":30,"column":35},"end":{"line":30,"column":59}},"line":30},"3":{"name":"(anonymous_3)","decl":{"start":{"line":41,"column":33},"end":{"line":41,"column":45}},"loc":{"start":{"line":41,"column":45},"end":{"line":61,"column":5}},"line":41},"4":{"name":"(anonymous_4)","decl":{"start":{"line":52,"column":24},"end":{"line":52,"column":35}},"loc":{"start":{"line":52,"column":35},"end":{"line":52,"column":59}},"line":52},"5":{"name":"(anonymous_5)","decl":{"start":{"line":63,"column":31},"end":{"line":63,"column":37}},"loc":{"start":{"line":63,"column":37},"end":{"line":68,"column":5}},"line":63},"6":{"name":"(anonymous_6)","decl":{"start":{"line":70,"column":38},"end":{"line":70,"column":50}},"loc":{"start":{"line":70,"column":50},"end":{"line":80,"column":5}},"line":70},"7":{"name":"(anonymous_7)","decl":{"start":{"line":76,"column":17},"end":{"line":76,"column":23}},"loc":{"start":{"line":76,"column":23},"end":{"line":76,"column":41}},"line":76},"8":{"name":"(anonymous_8)","decl":{"start":{"line":82,"column":36},"end":{"line":82,"column":42}},"loc":{"start":{"line":82,"column":42},"end":{"line":96,"column":5}},"line":82},"9":{"name":"(anonymous_9)","decl":{"start":{"line":98,"column":34},"end":{"line":98,"column":40}},"loc":{"start":{"line":98,"column":40},"end":{"line":112,"column":5}},"line":98},"10":{"name":"(anonymous_10)","decl":{"start":{"line":140,"column":24},"end":{"line":140,"column":25}},"loc":{"start":{"line":140,"column":31},"end":{"line":140,"column":null}},"line":140}},"branchMap":{"0":{"loc":{"start":{"line":19,"column":4},"end":{"line":23,"column":null}},"type":"if","locations":[{"start":{"line":19,"column":4},"end":{"line":23,"column":null}},{"start":{},"end":{}}],"line":19},"1":{"loc":{"start":{"line":34,"column":15},"end":{"line":34,"column":59}},"type":"cond-expr","locations":[{"start":{"line":34,"column":38},"end":{"line":34,"column":52}},{"start":{"line":34,"column":52},"end":{"line":34,"column":59}}],"line":34},"2":{"loc":{"start":{"line":42,"column":4},"end":{"line":46,"column":null}},"type":"if","locations":[{"start":{"line":42,"column":4},"end":{"line":46,"column":null}},{"start":{},"end":{}}],"line":42},"3":{"loc":{"start":{"line":56,"column":15},"end":{"line":56,"column":58}},"type":"cond-expr","locations":[{"start":{"line":56,"column":38},"end":{"line":56,"column":52}},{"start":{"line":56,"column":52},"end":{"line":56,"column":58}}],"line":56},"4":{"loc":{"start":{"line":71,"column":4},"end":{"line":71,"column":null}},"type":"if","locations":[{"start":{"line":71,"column":4},"end":{"line":71,"column":null}},{"start":{},"end":{}}],"line":71},"5":{"loc":{"start":{"line":83,"column":4},"end":{"line":86,"column":null}},"type":"if","locations":[{"start":{"line":83,"column":4},"end":{"line":86,"column":null}},{"start":{},"end":{}}],"line":83},"6":{"loc":{"start":{"line":89,"column":4},"end":{"line":95,"column":null}},"type":"if","locations":[{"start":{"line":89,"column":4},"end":{"line":95,"column":null}},{"start":{"line":92,"column":11},"end":{"line":95,"column":null}}],"line":89},"7":{"loc":{"start":{"line":93,"column":15},"end":{"line":93,"column":42}},"type":"binary-expr","locations":[{"start":{"line":93,"column":15},"end":{"line":93,"column":31}},{"start":{"line":93,"column":31},"end":{"line":93,"column":42}}],"line":93},"8":{"loc":{"start":{"line":148,"column":26},"end":{"line":148,"column":null}},"type":"binary-expr","locations":[{"start":{"line":148,"column":26},"end":{"line":148,"column":39}},{"start":{"line":148,"column":39},"end":{"line":148,"column":null}}],"line":148},"9":{"loc":{"start":{"line":151,"column":17},"end":{"line":151,"column":null}},"type":"cond-expr","locations":[{"start":{"line":151,"column":29},"end":{"line":151,"column":41}},{"start":{"line":151,"column":41},"end":{"line":151,"column":null}}],"line":151},"10":{"loc":{"start":{"line":156,"column":26},"end":{"line":156,"column":null}},"type":"binary-expr","locations":[{"start":{"line":156,"column":26},"end":{"line":156,"column":39}},{"start":{"line":156,"column":39},"end":{"line":156,"column":null}}],"line":156},"11":{"loc":{"start":{"line":165,"column":26},"end":{"line":165,"column":null}},"type":"binary-expr","locations":[{"start":{"line":165,"column":26},"end":{"line":165,"column":39}},{"start":{"line":165,"column":39},"end":{"line":165,"column":null}}],"line":165},"12":{"loc":{"start":{"line":179,"column":15},"end":{"line":197,"column":null}},"type":"binary-expr","locations":[{"start":{"line":179,"column":15},"end":{"line":179,"column":null}},{"start":{"line":180,"column":16},"end":{"line":197,"column":null}}],"line":179},"13":{"loc":{"start":{"line":186,"column":19},"end":{"line":195,"column":null}},"type":"cond-expr","locations":[{"start":{"line":187,"column":20},"end":{"line":190,"column":null}},{"start":{"line":192,"column":20},"end":{"line":195,"column":null}}],"line":186},"14":{"loc":{"start":{"line":202,"column":13},"end":{"line":215,"column":null}},"type":"cond-expr","locations":[{"start":{"line":203,"column":14},"end":{"line":205,"column":null}},{"start":{"line":206,"column":16},"end":{"line":215,"column":null}}],"line":202},"15":{"loc":{"start":{"line":206,"column":16},"end":{"line":215,"column":null}},"type":"cond-expr","locations":[{"start":{"line":207,"column":14},"end":{"line":211,"column":null}},{"start":{"line":213,"column":14},"end":{"line":215,"column":null}}],"line":206}},"s":{"0":27,"1":27,"2":27,"3":27,"4":27,"5":27,"6":2,"7":0,"8":0,"9":0,"10":2,"11":2,"12":2,"13":2,"14":2,"15":1,"16":1,"17":1,"18":1,"19":1,"20":27,"21":0,"22":0,"23":0,"24":0,"25":0,"26":0,"27":0,"28":0,"29":0,"30":0,"31":0,"32":0,"33":0,"34":0,"35":27,"36":2,"37":2,"38":2,"39":2,"40":27,"41":0,"42":0,"43":0,"44":0,"45":0,"46":0,"47":0,"48":0,"49":27,"50":1,"51":0,"52":0,"53":1,"54":1,"55":1,"56":1,"57":0,"58":0,"59":27,"60":1,"61":1,"62":27,"63":6},"f":{"0":27,"1":2,"2":2,"3":0,"4":0,"5":2,"6":0,"7":0,"8":1,"9":1,"10":6},"b":{"0":[0,2],"1":[1,0],"2":[0,0],"3":[0,0],"4":[0,0],"5":[0,1],"6":[1,0],"7":[0,0],"8":[27,25],"9":[2,25],"10":[27,25],"11":[27,25],"12":[27,1],"13":[0,1],"14":[0,27],"15":[1,26]},"meta":{"lastBranch":16,"lastFunction":11,"lastStatement":64,"seen":{"f:11:24:11:40":0,"s:12:24:12:Infinity":0,"s:13:26:13:Infinity":1,"s:14:24:14:Infinity":2,"s:15:32:15:Infinity":3,"s:16:26:16:Infinity":4,"s:18:8:39:Infinity":5,"f:18:33:18:45":1,"b:19:4:23:Infinity:undefined:undefined:undefined:undefined":0,"s:19:4:23:Infinity":6,"s:20:6:20:Infinity":7,"s:21:6:21:Infinity":8,"s:22:6:22:Infinity":9,"s:25:4:25:Infinity":10,"s:26:4:26:Infinity":11,"s:28:4:38:Infinity":12,"s:30:6:30:Infinity":13,"f:30:24:30:35":2,"s:30:35:30:59":14,"s:31:12:31:Infinity":15,"s:32:6:32:Infinity":16,"s:34:6:34:Infinity":17,"b:34:38:34:52:34:52:34:59":1,"s:35:6:35:Infinity":18,"s:37:6:37:Infinity":19,"s:41:8:61:Infinity":20,"f:41:33:41:45":3,"b:42:4:46:Infinity:undefined:undefined:undefined:undefined":2,"s:42:4:46:Infinity":21,"s:43:6:43:Infinity":22,"s:44:6:44:Infinity":23,"s:45:6:45:Infinity":24,"s:48:4:48:Infinity":25,"s:49:4:49:Infinity":26,"s:51:4:60:Infinity":27,"s:52:6:52:Infinity":28,"f:52:24:52:35":4,"s:52:35:52:59":29,"s:53:21:53:Infinity":30,"s:54:6:54:Infinity":31,"s:56:6:56:Infinity":32,"b:56:38:56:52:56:52:56:58":3,"s:57:6:57:Infinity":33,"s:59:6:59:Infinity":34,"s:63:8:68:Infinity":35,"f:63:31:63:37":5,"s:64:4:64:Infinity":36,"s:65:4:65:Infinity":37,"s:66:4:66:Infinity":38,"s:67:4:67:Infinity":39,"s:70:8:80:Infinity":40,"f:70:38:70:50":6,"b:71:4:71:Infinity:undefined:undefined:undefined:undefined":4,"s:71:4:71:Infinity":41,"s:71:17:71:Infinity":42,"s:73:4:79:Infinity":43,"s:74:6:74:Infinity":44,"s:75:6:75:Infinity":45,"s:76:6:76:Infinity":46,"f:76:17:76:23":7,"s:76:23:76:41":47,"s:78:6:78:Infinity":48,"s:82:8:96:Infinity":49,"f:82:36:82:42":8,"b:83:4:86:Infinity:undefined:undefined:undefined:undefined":5,"s:83:4:86:Infinity":50,"s:84:6:84:Infinity":51,"s:85:6:85:Infinity":52,"s:88:10:88:Infinity":53,"b:89:4:95:Infinity:92:11:95:Infinity":6,"s:89:4:95:Infinity":54,"s:90:6:90:Infinity":55,"s:91:6:91:Infinity":56,"s:93:6:93:Infinity":57,"b:93:15:93:31:93:31:93:42":7,"s:94:6:94:Infinity":58,"s:98:8:112:Infinity":59,"f:98:34:98:40":9,"s:99:20:99:Infinity":60,"s:111:4:111:Infinity":61,"s:114:2:247:Infinity":62,"f:140:24:140:25":10,"s:140:31:140:Infinity":63,"b:148:26:148:39:148:39:148:Infinity":8,"b:151:29:151:41:151:41:151:Infinity":9,"b:156:26:156:39:156:39:156:Infinity":10,"b:165:26:165:39:165:39:165:Infinity":11,"b:179:15:179:Infinity:180:16:197:Infinity":12,"b:187:20:190:Infinity:192:20:195:Infinity":13,"b:203:14:205:Infinity:206:16:215:Infinity":14,"b:207:14:211:Infinity:213:14:215:Infinity":15}}}
,"/Users/yanghao/Work/gitee/catpawai_test/src/components/ui/alert.tsx": {"path":"/Users/yanghao/Work/gitee/catpawai_test/src/components/ui/alert.tsx","statementMap":{"0":{"start":{"line":6,"column":6},"end":{"line":20,"column":null}},"1":{"start":{"line":22,"column":14},"end":{"line":32,"column":null}},"2":{"start":{"line":26,"column":2},"end":{"line":31,"column":null}},"3":{"start":{"line":33,"column":0},"end":{"line":33,"column":null}},"4":{"start":{"line":35,"column":19},"end":{"line":44,"column":null}},"5":{"start":{"line":39,"column":2},"end":{"line":43,"column":null}},"6":{"start":{"line":45,"column":0},"end":{"line":45,"column":null}},"7":{"start":{"line":47,"column":25},"end":{"line":56,"column":null}},"8":{"start":{"line":51,"column":2},"end":{"line":55,"column":null}},"9":{"start":{"line":57,"column":0},"end":{"line":57,"column":null}}},"fnMap":{"0":{"name":"(anonymous_0)","decl":{"start":{"line":25,"column":2},"end":{"line":25,"column":3}},"loc":{"start":{"line":26,"column":2},"end":{"line":31,"column":null}},"line":26},"1":{"name":"(anonymous_1)","decl":{"start":{"line":38,"column":2},"end":{"line":38,"column":3}},"loc":{"start":{"line":39,"column":2},"end":{"line":43,"column":null}},"line":39},"2":{"name":"(anonymous_2)","decl":{"start":{"line":50,"column":2},"end":{"line":50,"column":3}},"loc":{"start":{"line":51,"column":2},"end":{"line":55,"column":null}},"line":51}},"branchMap":{},"s":{"0":2,"1":2,"2":0,"3":2,"4":2,"5":0,"6":2,"7":2,"8":0,"9":2},"f":{"0":0,"1":0,"2":0},"b":{},"meta":{"lastBranch":0,"lastFunction":3,"lastStatement":10,"seen":{"s:6:6:20:Infinity":0,"s:22:14:32:Infinity":1,"f:25:2:25:3":0,"s:26:2:31:Infinity":2,"s:33:0:33:Infinity":3,"s:35:19:44:Infinity":4,"f:38:2:38:3":1,"s:39:2:43:Infinity":5,"s:45:0:45:Infinity":6,"s:47:25:56:Infinity":7,"f:50:2:50:3":2,"s:51:2:55:Infinity":8,"s:57:0:57:Infinity":9}}}
,"/Users/yanghao/Work/gitee/catpawai_test/src/components/ui/button.tsx": {"path":"/Users/yanghao/Work/gitee/catpawai_test/src/components/ui/button.tsx","statementMap":{"0":{"start":{"line":7,"column":6},"end":{"line":35,"column":null}},"1":{"start":{"line":43,"column":15},"end":{"line":54,"column":null}},"2":{"start":{"line":45,"column":17},"end":{"line":45,"column":null}},"3":{"start":{"line":46,"column":4},"end":{"line":51,"column":null}},"4":{"start":{"line":55,"column":0},"end":{"line":55,"column":null}}},"fnMap":{"0":{"name":"(anonymous_0)","decl":{"start":{"line":44,"column":2},"end":{"line":44,"column":3}},"loc":{"start":{"line":44,"column":68},"end":{"line":53,"column":null}},"line":44}},"branchMap":{"0":{"loc":{"start":{"line":44,"column":31},"end":{"line":44,"column":48}},"type":"default-arg","locations":[{"start":{"line":44,"column":41},"end":{"line":44,"column":48}}],"line":44},"1":{"loc":{"start":{"line":45,"column":17},"end":{"line":45,"column":null}},"type":"cond-expr","locations":[{"start":{"line":45,"column":27},"end":{"line":45,"column":34}},{"start":{"line":45,"column":34},"end":{"line":45,"column":null}}],"line":45}},"s":{"0":2,"1":2,"2":136,"3":136,"4":2},"f":{"0":136},"b":{"0":[136],"1":[0,136]},"meta":{"lastBranch":2,"lastFunction":1,"lastStatement":5,"seen":{"s:7:6:35:Infinity":0,"s:43:15:54:Infinity":1,"f:44:2:44:3":0,"b:44:41:44:48":0,"s:45:17:45:Infinity":2,"b:45:27:45:34:45:34:45:Infinity":1,"s:46:4:51:Infinity":3,"s:55:0:55:Infinity":4}}}
,"/Users/yanghao/Work/gitee/catpawai_test/src/components/ui/card.tsx": {"path":"/Users/yanghao/Work/gitee/catpawai_test/src/components/ui/card.tsx","statementMap":{"0":{"start":{"line":5,"column":13},"end":{"line":17,"column":null}},"1":{"start":{"line":9,"column":2},"end":{"line":16,"column":null}},"2":{"start":{"line":18,"column":0},"end":{"line":18,"column":null}},"3":{"start":{"line":20,"column":19},"end":{"line":29,"column":null}},"4":{"start":{"line":24,"column":2},"end":{"line":28,"column":null}},"5":{"start":{"line":30,"column":0},"end":{"line":30,"column":null}},"6":{"start":{"line":32,"column":18},"end":{"line":44,"column":null}},"7":{"start":{"line":36,"column":2},"end":{"line":43,"column":null}},"8":{"start":{"line":45,"column":0},"end":{"line":45,"column":null}},"9":{"start":{"line":47,"column":24},"end":{"line":56,"column":null}},"10":{"start":{"line":51,"column":2},"end":{"line":55,"column":null}},"11":{"start":{"line":57,"column":0},"end":{"line":57,"column":null}},"12":{"start":{"line":59,"column":20},"end":{"line":64,"column":null}},"13":{"start":{"line":63,"column":2},"end":{"line":63,"column":null}},"14":{"start":{"line":65,"column":0},"end":{"line":65,"column":null}},"15":{"start":{"line":67,"column":19},"end":{"line":76,"column":null}},"16":{"start":{"line":71,"column":2},"end":{"line":75,"column":null}},"17":{"start":{"line":77,"column":0},"end":{"line":77,"column":null}}},"fnMap":{"0":{"name":"(anonymous_0)","decl":{"start":{"line":8,"column":2},"end":{"line":8,"column":3}},"loc":{"start":{"line":9,"column":2},"end":{"line":16,"column":null}},"line":9},"1":{"name":"(anonymous_1)","decl":{"start":{"line":23,"column":2},"end":{"line":23,"column":3}},"loc":{"start":{"line":24,"column":2},"end":{"line":28,"column":null}},"line":24},"2":{"name":"(anonymous_2)","decl":{"start":{"line":35,"column":2},"end":{"line":35,"column":3}},"loc":{"start":{"line":36,"column":2},"end":{"line":43,"column":null}},"line":36},"3":{"name":"(anonymous_3)","decl":{"start":{"line":50,"column":2},"end":{"line":50,"column":3}},"loc":{"start":{"line":51,"column":2},"end":{"line":55,"column":null}},"line":51},"4":{"name":"(anonymous_4)","decl":{"start":{"line":62,"column":2},"end":{"line":62,"column":3}},"loc":{"start":{"line":63,"column":2},"end":{"line":63,"column":null}},"line":63},"5":{"name":"(anonymous_5)","decl":{"start":{"line":70,"column":2},"end":{"line":70,"column":3}},"loc":{"start":{"line":71,"column":2},"end":{"line":75,"column":null}},"line":71}},"branchMap":{},"s":{"0":2,"1":81,"2":2,"3":2,"4":81,"5":2,"6":2,"7":81,"8":2,"9":2,"10":0,"11":2,"12":2,"13":81,"14":2,"15":2,"16":0,"17":2},"f":{"0":81,"1":81,"2":81,"3":0,"4":81,"5":0},"b":{},"meta":{"lastBranch":0,"lastFunction":6,"lastStatement":18,"seen":{"s:5:13:17:Infinity":0,"f:8:2:8:3":0,"s:9:2:16:Infinity":1,"s:18:0:18:Infinity":2,"s:20:19:29:Infinity":3,"f:23:2:23:3":1,"s:24:2:28:Infinity":4,"s:30:0:30:Infinity":5,"s:32:18:44:Infinity":6,"f:35:2:35:3":2,"s:36:2:43:Infinity":7,"s:45:0:45:Infinity":8,"s:47:24:56:Infinity":9,"f:50:2:50:3":3,"s:51:2:55:Infinity":10,"s:57:0:57:Infinity":11,"s:59:20:64:Infinity":12,"f:62:2:62:3":4,"s:63:2:63:Infinity":13,"s:65:0:65:Infinity":14,"s:67:19:76:Infinity":15,"f:70:2:70:3":5,"s:71:2:75:Infinity":16,"s:77:0:77:Infinity":17}}}
,"/Users/yanghao/Work/gitee/catpawai_test/src/components/ui/textarea.tsx": {"path":"/Users/yanghao/Work/gitee/catpawai_test/src/components/ui/textarea.tsx","statementMap":{"0":{"start":{"line":8,"column":17},"end":{"line":21,"column":null}},"1":{"start":{"line":10,"column":4},"end":{"line":18,"column":null}},"2":{"start":{"line":22,"column":0},"end":{"line":22,"column":null}}},"fnMap":{"0":{"name":"(anonymous_0)","decl":{"start":{"line":9,"column":2},"end":{"line":9,"column":3}},"loc":{"start":{"line":9,"column":36},"end":{"line":20,"column":null}},"line":9}},"branchMap":{},"s":{"0":2,"1":27,"2":2},"f":{"0":27},"b":{},"meta":{"lastBranch":0,"lastFunction":1,"lastStatement":3,"seen":{"s:8:17:21:Infinity":0,"f:9:2:9:3":0,"s:10:4:18:Infinity":1,"s:22:0:22:Infinity":2}}}
,"/Users/yanghao/Work/gitee/catpawai_test/src/lib/json-formatter.ts": {"path":"/Users/yanghao/Work/gitee/catpawai_test/src/lib/json-formatter.ts","statementMap":{"0":{"start":{"line":12,"column":2},"end":{"line":23,"column":null}},"1":{"start":{"line":14,"column":20},"end":{"line":14,"column":null}},"2":{"start":{"line":17,"column":19},"end":{"line":17,"column":null}},"3":{"start":{"line":20,"column":4},"end":{"line":20,"column":null}},"4":{"start":{"line":22,"column":4},"end":{"line":22,"column":null}},"5":{"start":{"line":32,"column":2},"end":{"line":38,"column":null}},"6":{"start":{"line":33,"column":20},"end":{"line":33,"column":null}},"7":{"start":{"line":34,"column":19},"end":{"line":34,"column":null}},"8":{"start":{"line":35,"column":4},"end":{"line":35,"column":null}},"9":{"start":{"line":37,"column":4},"end":{"line":37,"column":null}},"10":{"start":{"line":51,"column":2},"end":{"line":64,"column":null}},"11":{"start":{"line":52,"column":20},"end":{"line":52,"column":null}},"12":{"start":{"line":53,"column":4},"end":{"line":55,"column":null}},"13":{"start":{"line":54,"column":6},"end":{"line":54,"column":null}},"14":{"start":{"line":57,"column":19},"end":{"line":57,"column":null}},"15":{"start":{"line":58,"column":4},"end":{"line":58,"column":null}},"16":{"start":{"line":60,"column":4},"end":{"line":63,"column":null}},"17":{"start":{"line":73,"column":2},"end":{"line":82,"column":null}},"18":{"start":{"line":74,"column":19},"end":{"line":74,"column":null}},"19":{"start":{"line":75,"column":4},"end":{"line":77,"column":null}},"20":{"start":{"line":76,"column":6},"end":{"line":76,"column":null}},"21":{"start":{"line":79,"column":4},"end":{"line":79,"column":null}},"22":{"start":{"line":81,"column":4},"end":{"line":81,"column":null}},"23":{"start":{"line":91,"column":2},"end":{"line":115,"column":null}},"24":{"start":{"line":92,"column":22},"end":{"line":92,"column":null}},"25":{"start":{"line":94,"column":4},"end":{"line":112,"column":null}},"26":{"start":{"line":99,"column":18},"end":{"line":99,"column":null}},"27":{"start":{"line":100,"column":8},"end":{"line":110,"column":null}},"28":{"start":{"line":101,"column":10},"end":{"line":105,"column":null}},"29":{"start":{"line":102,"column":12},"end":{"line":102,"column":null}},"30":{"start":{"line":104,"column":12},"end":{"line":104,"column":null}},"31":{"start":{"line":106,"column":8},"end":{"line":110,"column":null}},"32":{"start":{"line":107,"column":10},"end":{"line":107,"column":null}},"33":{"start":{"line":108,"column":8},"end":{"line":110,"column":null}},"34":{"start":{"line":109,"column":10},"end":{"line":109,"column":null}},"35":{"start":{"line":111,"column":8},"end":{"line":111,"column":null}},"36":{"start":{"line":114,"column":4},"end":{"line":114,"column":null}}},"fnMap":{"0":{"name":"formatJson","decl":{"start":{"line":11,"column":16},"end":{"line":11,"column":27}},"loc":{"start":{"line":11,"column":75},"end":{"line":24,"column":null}},"line":11},"1":{"name":"minifyJson","decl":{"start":{"line":31,"column":16},"end":{"line":31,"column":27}},"loc":{"start":{"line":31,"column":55},"end":{"line":39,"column":null}},"line":31},"2":{"name":"validateJson","decl":{"start":{"line":46,"column":16},"end":{"line":46,"column":29}},"loc":{"start":{"line":50,"column":2},"end":{"line":65,"column":null}},"line":50},"3":{"name":"beautifyJson","decl":{"start":{"line":72,"column":16},"end":{"line":72,"column":29}},"loc":{"start":{"line":72,"column":57},"end":{"line":83,"column":null}},"line":72},"4":{"name":"getJsonHighlightHtml","decl":{"start":{"line":90,"column":16},"end":{"line":90,"column":37}},"loc":{"start":{"line":90,"column":65},"end":{"line":116,"column":null}},"line":90},"5":{"name":"(anonymous_5)","decl":{"start":{"line":98,"column":121},"end":{"line":98,"column":131}},"loc":{"start":{"line":98,"column":138},"end":{"line":112,"column":7}},"line":98}},"branchMap":{"0":{"loc":{"start":{"line":11,"column":47},"end":{"line":11,"column":75}},"type":"default-arg","locations":[{"start":{"line":11,"column":64},"end":{"line":11,"column":75}}],"line":11},"1":{"loc":{"start":{"line":22,"column":34},"end":{"line":22,"column":81}},"type":"cond-expr","locations":[{"start":{"line":22,"column":59},"end":{"line":22,"column":75}},{"start":{"line":22,"column":75},"end":{"line":22,"column":81}}],"line":22},"2":{"loc":{"start":{"line":37,"column":34},"end":{"line":37,"column":81}},"type":"cond-expr","locations":[{"start":{"line":37,"column":59},"end":{"line":37,"column":75}},{"start":{"line":37,"column":75},"end":{"line":37,"column":81}}],"line":37},"3":{"loc":{"start":{"line":53,"column":4},"end":{"line":55,"column":null}},"type":"if","locations":[{"start":{"line":53,"column":4},"end":{"line":55,"column":null}},{"start":{},"end":{}}],"line":53},"4":{"loc":{"start":{"line":62,"column":13},"end":{"line":62,"column":null}},"type":"cond-expr","locations":[{"start":{"line":62,"column":38},"end":{"line":62,"column":54}},{"start":{"line":62,"column":54},"end":{"line":62,"column":null}}],"line":62},"5":{"loc":{"start":{"line":75,"column":4},"end":{"line":77,"column":null}},"type":"if","locations":[{"start":{"line":75,"column":4},"end":{"line":77,"column":null}},{"start":{},"end":{}}],"line":75},"6":{"loc":{"start":{"line":81,"column":34},"end":{"line":81,"column":81}},"type":"cond-expr","locations":[{"start":{"line":81,"column":59},"end":{"line":81,"column":75}},{"start":{"line":81,"column":75},"end":{"line":81,"column":81}}],"line":81},"7":{"loc":{"start":{"line":100,"column":8},"end":{"line":110,"column":null}},"type":"if","locations":[{"start":{"line":100,"column":8},"end":{"line":110,"column":null}},{"start":{"line":106,"column":8},"end":{"line":110,"column":null}}],"line":100},"8":{"loc":{"start":{"line":101,"column":10},"end":{"line":105,"column":null}},"type":"if","locations":[{"start":{"line":101,"column":10},"end":{"line":105,"column":null}},{"start":{"line":103,"column":17},"end":{"line":105,"column":null}}],"line":101},"9":{"loc":{"start":{"line":106,"column":8},"end":{"line":110,"column":null}},"type":"if","locations":[{"start":{"line":106,"column":8},"end":{"line":110,"column":null}},{"start":{"line":108,"column":8},"end":{"line":110,"column":null}}],"line":106},"10":{"loc":{"start":{"line":108,"column":8},"end":{"line":110,"column":null}},"type":"if","locations":[{"start":{"line":108,"column":8},"end":{"line":110,"column":null}},{"start":{},"end":{}}],"line":108}},"s":{"0":15,"1":15,"2":15,"3":15,"4":8,"5":3,"6":3,"7":3,"8":3,"9":1,"10":21,"11":21,"12":21,"13":4,"14":17,"15":17,"16":11,"17":8,"18":8,"19":8,"20":7,"21":1,"22":7,"23":3,"24":3,"25":3,"26":10,"27":10,"28":7,"29":5,"30":2,"31":3,"32":1,"33":2,"34":1,"35":10,"36":1},"f":{"0":15,"1":3,"2":21,"3":8,"4":3,"5":10},"b":{"0":[15],"1":[8,0],"2":[1,0],"3":[4,17],"4":[11,0],"5":[7,1],"6":[7,0],"7":[7,3],"8":[5,2],"9":[1,2],"10":[1,1]},"meta":{"lastBranch":11,"lastFunction":6,"lastStatement":37,"seen":{"f:11:16:11:27":0,"b:11:64:11:75":0,"s:12:2:23:Infinity":0,"s:14:20:14:Infinity":1,"s:17:19:17:Infinity":2,"s:20:4:20:Infinity":3,"s:22:4:22:Infinity":4,"b:22:59:22:75:22:75:22:81":1,"f:31:16:31:27":1,"s:32:2:38:Infinity":5,"s:33:20:33:Infinity":6,"s:34:19:34:Infinity":7,"s:35:4:35:Infinity":8,"s:37:4:37:Infinity":9,"b:37:59:37:75:37:75:37:81":2,"f:46:16:46:29":2,"s:51:2:64:Infinity":10,"s:52:20:52:Infinity":11,"b:53:4:55:Infinity:undefined:undefined:undefined:undefined":3,"s:53:4:55:Infinity":12,"s:54:6:54:Infinity":13,"s:57:19:57:Infinity":14,"s:58:4:58:Infinity":15,"s:60:4:63:Infinity":16,"b:62:38:62:54:62:54:62:Infinity":4,"f:72:16:72:29":3,"s:73:2:82:Infinity":17,"s:74:19:74:Infinity":18,"b:75:4:77:Infinity:undefined:undefined:undefined:undefined":5,"s:75:4:77:Infinity":19,"s:76:6:76:Infinity":20,"s:79:4:79:Infinity":21,"s:81:4:81:Infinity":22,"b:81:59:81:75:81:75:81:81":6,"f:90:16:90:37":4,"s:91:2:115:Infinity":23,"s:92:22:92:Infinity":24,"s:94:4:112:Infinity":25,"f:98:121:98:131":5,"s:99:18:99:Infinity":26,"b:100:8:110:Infinity:106:8:110:Infinity":7,"s:100:8:110:Infinity":27,"b:101:10:105:Infinity:103:17:105:Infinity":8,"s:101:10:105:Infinity":28,"s:102:12:102:Infinity":29,"s:104:12:104:Infinity":30,"b:106:8:110:Infinity:108:8:110:Infinity":9,"s:106:8:110:Infinity":31,"s:107:10:107:Infinity":32,"b:108:8:110:Infinity:undefined:undefined:undefined:undefined":10,"s:108:8:110:Infinity":33,"s:109:10:109:Infinity":34,"s:111:8:111:Infinity":35,"s:114:4:114:Infinity":36}}}
,"/Users/yanghao/Work/gitee/catpawai_test/src/lib/utils.ts": {"path":"/Users/yanghao/Work/gitee/catpawai_test/src/lib/utils.ts","statementMap":{"0":{"start":{"line":6,"column":2},"end":{"line":6,"column":null}},"1":{"start":{"line":13,"column":2},"end":{"line":20,"column":null}},"2":{"start":{"line":32,"column":2},"end":{"line":35,"column":null}},"3":{"start":{"line":33,"column":4},"end":{"line":33,"column":null}},"4":{"start":{"line":34,"column":4},"end":{"line":34,"column":null}},"5":{"start":{"line":34,"column":33},"end":{"line":34,"column":57}}},"fnMap":{"0":{"name":"cn","decl":{"start":{"line":5,"column":16},"end":{"line":5,"column":22}},"loc":{"start":{"line":5,"column":80},"end":{"line":7,"column":null}},"line":5},"1":{"name":"formatDate","decl":{"start":{"line":12,"column":16},"end":{"line":12,"column":27}},"loc":{"start":{"line":12,"column":47},"end":{"line":21,"column":null}},"line":12},"2":{"name":"debounce","decl":{"start":{"line":26,"column":16},"end":{"line":26,"column":null}},"loc":{"start":{"line":29,"column":36},"end":{"line":36,"column":null}},"line":29},"3":{"name":"(anonymous_3)","decl":{"start":{"line":32,"column":9},"end":{"line":32,"column":33}},"loc":{"start":{"line":32,"column":54},"end":{"line":35,"column":null}},"line":32},"4":{"name":"(anonymous_4)","decl":{"start":{"line":34,"column":27},"end":{"line":34,"column":33}},"loc":{"start":{"line":34,"column":33},"end":{"line":34,"column":57}},"line":34}},"branchMap":{},"s":{"0":492,"1":2,"2":4,"3":5,"4":5,"5":4},"f":{"0":492,"1":2,"2":4,"3":5,"4":4},"b":{},"meta":{"lastBranch":0,"lastFunction":5,"lastStatement":6,"seen":{"f:5:16:5:22":0,"s:6:2:6:Infinity":0,"f:12:16:12:27":1,"s:13:2:20:Infinity":1,"f:26:16:26:Infinity":2,"s:32:2:35:Infinity":2,"f:32:9:32:33":3,"s:33:4:33:Infinity":3,"s:34:4:34:Infinity":4,"f:34:27:34:33":4,"s:34:33:34:57":5}}}
}
